<?xml version="1.0" encoding="UTF-8"?>
<!-- Generated by org.testng.reporters.JUnitReportReporter -->
<testsuite skipped="0" hostname="ATMECSINLT-084" name="com.atmecs.task.FactoryTestNg" tests="4" failures="0" timestamp="22 Aug 2019 08:12:17 GMT" time="0.016" errors="0">
  <testcase name="testMethodTwo" time="0.000" classname="com.atmecs.task.FactoryTestNg"/>
  <testcase name="testMethodTwo" time="0.000" classname="com.atmecs.task.FactoryTestNg"/>
  <testcase name="testMethodOne" time="0.004" classname="com.atmecs.task.FactoryTestNg"/>
  <testcase name="testMethodOne" time="0.012" classname="com.atmecs.task.FactoryTestNg"/>
</testsuite> <!-- com.atmecs.task.FactoryTestNg -->
