<?xml version="1.0" encoding="UTF-8"?>
<!-- Generated by org.testng.reporters.JUnitReportReporter -->
<testsuite skipped="0" hostname="ATMECSINLT-084" name="com.atmecs.task.DataBase" tests="1" failures="0" timestamp="21 Aug 2019 13:17:24 GMT" time="2.966" errors="0">
  <testcase name="getInfo" time="2.966" classname="com.atmecs.task.DataBase"/>
</testsuite> <!-- com.atmecs.task.DataBase -->
