<?xml version="1.0" encoding="UTF-8"?>
<!-- Generated by org.testng.reporters.JUnitReportReporter -->
<testsuite skipped="0" hostname="ATMECSINLT-084" name="com.atmecs.task.Grouping" tests="3" failures="0" timestamp="21 Aug 2019 13:04:46 GMT" time="0.030" errors="0">
  <testcase name="test4" time="0.008" classname="com.atmecs.task.Grouping"/>
  <testcase name="test5" time="0.002" classname="com.atmecs.task.Grouping"/>
  <testcase name="test1" time="0.020" classname="com.atmecs.task.Grouping"/>
</testsuite> <!-- com.atmecs.task.Grouping -->
